#
# There is insufficient memory for the Java Runtime Environment to continue.
# Native memory allocation (mmap) failed to map 65011712 bytes. Error detail: G1 virtual space
# Possible reasons:
#   The system is out of physical RAM or swap space
#   This process is running with CompressedOops enabled, and the Java Heap may be blocking the growth of the native heap
# Possible solutions:
#   Reduce memory load on the system
#   Increase physical memory or swap space
#   Check if swap backing store is full
#   Decrease Java heap size (-Xmx/-Xms)
#   Decrease number of Java threads
#   Decrease Java thread stack sizes (-Xss)
#   Set larger code cache with -XX:ReservedCodeCacheSize=
#   JVM is running with Unscaled Compressed Oops mode in which the Java heap is
#     placed in the first 4GB address space. The Java Heap base address is the
#     maximum limit for the native heap growth. Please use -XX:HeapBaseMinAddress
#     to set the Java Heap base and to place the Java Heap above 4GB virtual address.
# This output file may be truncated or incomplete.
#
#  Out of Memory Error (os_windows.cpp:3631), pid=18924, tid=22424
#
# JRE version:  (22.0+36) (build )
# Java VM: OpenJDK 64-Bit Server VM (22+36-2370, mixed mode, sharing, tiered, compressed oops, compressed class ptrs, g1 gc, windows-amd64)
# No core dump will be written. Minidumps are not enabled by default on client versions of Windows
#

---------------  S U M M A R Y ------------

Command Line: -Dnet.bytebuddy.agent.attacher.dump= net.bytebuddy.agent.Attacher com.sun.tools.attach.VirtualMachine 19472 C:\Users\DELL\.m2\repository\net\bytebuddy\byte-buddy-agent\1.14.16\byte-buddy-agent-1.14.16.jar false 

Host: Intel(R) Core(TM) i5-1035G1 CPU @ 1.00GHz, 8 cores, 3G,  Windows 10 , 64 bit Build 19041 (10.0.19041.3636)
Time: Mon Jun 17 09:03:10 2024 SE Asia Standard Time elapsed time: 0.108902 seconds (0d 0h 0m 0s)

---------------  T H R E A D  ---------------

Current thread (0x000002e63b548ba0):  JavaThread "Unknown thread" [_thread_in_vm, id=22424, stack(0x000000ff4f400000,0x000000ff4f500000) (1024K)]

Stack: [0x000000ff4f400000,0x000000ff4f500000]
Native frames: (J=compiled Java code, j=interpreted, Vv=VM code, C=native code)
V  [jvm.dll+0x6e2349]  (no source info available)
V  [jvm.dll+0x874ed3]  (no source info available)
V  [jvm.dll+0x8772fe]  (no source info available)
V  [jvm.dll+0x8779d3]  (no source info available)
V  [jvm.dll+0x27fcb6]  (no source info available)
V  [jvm.dll+0x6de9e5]  (no source info available)
V  [jvm.dll+0x6d34ea]  (no source info available)
V  [jvm.dll+0x35892a]  (no source info available)
V  [jvm.dll+0x360e56]  (no source info available)
V  [jvm.dll+0x3b3d7e]  (no source info available)
V  [jvm.dll+0x3b4028]  (no source info available)
V  [jvm.dll+0x32c4ec]  (no source info available)
V  [jvm.dll+0x32d0a8]  (no source info available)
V  [jvm.dll+0x83cd9c]  (no source info available)
V  [jvm.dll+0x3c0cc1]  (no source info available)
V  [jvm.dll+0x825d8c]  (no source info available)
V  [jvm.dll+0x45b9ee]  (no source info available)
V  [jvm.dll+0x45d871]  (no source info available)
C  [jli.dll+0x52a3]  (no source info available)
C  [ucrtbase.dll+0x21bb2]  (no source info available)
C  [KERNEL32.DLL+0x17344]  (no source info available)
C  [ntdll.dll+0x526b1]  (no source info available)


---------------  P R O C E S S  ---------------

Threads class SMR info:
_java_thread_list=0x00007ffafc88c1c8, length=0, elements={
}

Java Threads: ( => current thread )
Total: 0

Other Threads:
  0x000002e63d663b60 WorkerThread "GC Thread#0"                     [id=17968, stack(0x000000ff4f500000,0x000000ff4f600000) (1024K)]
  0x000002e63d66cd60 ConcurrentGCThread "G1 Main Marker"            [id=21628, stack(0x000000ff4f600000,0x000000ff4f700000) (1024K)]
  0x000002e63d66d870 WorkerThread "G1 Conc#0"                       [id=9212, stack(0x000000ff4f700000,0x000000ff4f800000) (1024K)]

[error occurred during error reporting (printing all threads), id 0xc0000005, EXCEPTION_ACCESS_VIOLATION (0xc0000005) at pc=0x00007ffafbfdf2b7]
VM state: not at safepoint (not fully initialized)

VM Mutex/Monitor currently owned by a thread:  ([mutex/lock_event])
[0x00007ffafc90ccc8] Heap_lock - owner thread: 0x000002e63b548ba0

Heap address: 0x00000000c3a00000, size: 966 MB, Compressed Oops mode: 32-bit

CDS archive(s) mapped at: [0x0000000000000000-0x0000000000000000-0x0000000000000000), size 0, SharedBaseAddress: 0x0000000800000000, ArchiveRelocationMode: 1.
Narrow klass base: 0x0000000000000000, Narrow klass shift: 0, Narrow klass range: 0x0

GC Precious Log:
 CardTable entry size: 512
 Card Set container configuration: InlinePtr #cards 5 size 8 Array Of Cards #cards 12 size 40 Howl #buckets 4 coarsen threshold 1843 Howl Bitmap #cards 512 size 80 coarsen threshold 460 Card regions per heap region 1 cards per card region 2048

Heap:
 garbage-first heap   total reserved 989184K, committed 0K, used 0K [0x00000000c3a00000, 0x0000000100000000)
  region size 1024K, 0 young (0K), 0 survivors (0K)

[error occurred during error reporting (printing heap information), id 0xc0000005, EXCEPTION_ACCESS_VIOLATION (0xc0000005) at pc=0x00007ffafc3de4e9]
GC Heap History (0 events):
No events

Dll operation events (1 events):
Event: 0.071 Loaded shared library C:\Users\DELL\.jdks\openjdk-22\bin\java.dll

Deoptimization events (0 events):
No events

Classes loaded (0 events):
No events

Classes unloaded (0 events):
No events

Classes redefined (0 events):
No events

Internal exceptions (0 events):
No events

ZGC Phase Switch (0 events):
No events

VM Operations (0 events):
No events

Events (0 events):
No events


Dynamic libraries:
0x00007ff6dde80000 - 0x00007ff6dde8e000 	C:\Users\DELL\.jdks\openjdk-22\bin\java.exe
0x00007ffb54290000 - 0x00007ffb54488000 	C:\WINDOWS\SYSTEM32\ntdll.dll
0x00007ffb53ee0000 - 0x00007ffb53f9d000 	C:\WINDOWS\System32\KERNEL32.DLL
0x00007ffb51aa0000 - 0x00007ffb51d96000 	C:\WINDOWS\System32\KERNELBASE.dll
0x00007ffb521c0000 - 0x00007ffb522c0000 	C:\WINDOWS\System32\ucrtbase.dll
0x00007ffb3e680000 - 0x00007ffb3e697000 	C:\Users\DELL\.jdks\openjdk-22\bin\jli.dll
0x00007ffb3fb60000 - 0x00007ffb3fb7b000 	C:\Users\DELL\.jdks\openjdk-22\bin\VCRUNTIME140.dll
0x00007ffb540b0000 - 0x00007ffb5424f000 	C:\WINDOWS\System32\USER32.dll
0x00007ffb51da0000 - 0x00007ffb51dc2000 	C:\WINDOWS\System32\win32u.dll
0x00007ffb53230000 - 0x00007ffb5325b000 	C:\WINDOWS\System32\GDI32.dll
0x00007ffb3b5b0000 - 0x00007ffb3b84a000 	C:\WINDOWS\WinSxS\amd64_microsoft.windows.common-controls_6595b64144ccf1df_6.0.19041.4355_none_60b8b9eb71f62e16\COMCTL32.dll
0x00007ffb51e70000 - 0x00007ffb51f87000 	C:\WINDOWS\System32\gdi32full.dll
0x00007ffb51dd0000 - 0x00007ffb51e6d000 	C:\WINDOWS\System32\msvcp_win.dll
0x00007ffb53fa0000 - 0x00007ffb5403e000 	C:\WINDOWS\System32\msvcrt.dll
0x00007ffb522e0000 - 0x00007ffb52312000 	C:\WINDOWS\System32\IMM32.DLL
0x00007ffb4c520000 - 0x00007ffb4c52c000 	C:\Users\DELL\.jdks\openjdk-22\bin\vcruntime140_1.dll
0x00007ffb241c0000 - 0x00007ffb2424e000 	C:\Users\DELL\.jdks\openjdk-22\bin\msvcp140.dll
0x00007ffafbca0000 - 0x00007ffafc9e8000 	C:\Users\DELL\.jdks\openjdk-22\bin\server\jvm.dll
0x00007ffb53dd0000 - 0x00007ffb53e80000 	C:\WINDOWS\System32\ADVAPI32.dll
0x00007ffb53060000 - 0x00007ffb53100000 	C:\WINDOWS\System32\sechost.dll
0x00007ffb53410000 - 0x00007ffb53533000 	C:\WINDOWS\System32\RPCRT4.dll
0x00007ffb52040000 - 0x00007ffb52067000 	C:\WINDOWS\System32\bcrypt.dll
0x00007ffb52a70000 - 0x00007ffb52adb000 	C:\WINDOWS\System32\WS2_32.dll
0x00007ffb50e90000 - 0x00007ffb50edb000 	C:\WINDOWS\SYSTEM32\POWRPROF.dll
0x00007ffb4a9e0000 - 0x00007ffb4a9ea000 	C:\WINDOWS\SYSTEM32\VERSION.dll
0x00007ffb47c40000 - 0x00007ffb47c67000 	C:\WINDOWS\SYSTEM32\WINMM.dll
0x00007ffb50d00000 - 0x00007ffb50d12000 	C:\WINDOWS\SYSTEM32\UMPDC.dll
0x00007ffb50110000 - 0x00007ffb50122000 	C:\WINDOWS\SYSTEM32\kernel.appcore.dll
0x00007ffb4bd00000 - 0x00007ffb4bd0a000 	C:\Users\DELL\.jdks\openjdk-22\bin\jimage.dll
0x00007ffb4fe10000 - 0x00007ffb4fff4000 	C:\WINDOWS\SYSTEM32\DBGHELP.DLL
0x00007ffb3a1b0000 - 0x00007ffb3a1e4000 	C:\WINDOWS\SYSTEM32\dbgcore.DLL
0x00007ffb52070000 - 0x00007ffb520f2000 	C:\WINDOWS\System32\bcryptPrimitives.dll
0x00007ffb3a7d0000 - 0x00007ffb3a7ee000 	C:\Users\DELL\.jdks\openjdk-22\bin\java.dll
0x00007ffb53660000 - 0x00007ffb53dcb000 	C:\WINDOWS\System32\SHELL32.dll
0x00007ffb53100000 - 0x00007ffb5322b000 	C:\WINDOWS\System32\ole32.dll
0x00007ffb52ae0000 - 0x00007ffb52e33000 	C:\WINDOWS\System32\combase.dll

dbghelp: loaded successfully - version: 4.0.5 - missing functions: none
symbol engine: initialized successfully - sym options: 0x614 - pdb path: .;C:\Users\DELL\.jdks\openjdk-22\bin;C:\WINDOWS\SYSTEM32;C:\WINDOWS\WinSxS\amd64_microsoft.windows.common-controls_6595b64144ccf1df_6.0.19041.4355_none_60b8b9eb71f62e16;C:\Users\DELL\.jdks\openjdk-22\bin\server

VM Arguments:
jvm_args: -Dnet.bytebuddy.agent.attacher.dump= 
java_command: net.bytebuddy.agent.Attacher com.sun.tools.attach.VirtualMachine 19472 C:\Users\DELL\.m2\repository\net\bytebuddy\byte-buddy-agent\1.14.16\byte-buddy-agent-1.14.16.jar false 
java_class_path (initial): C:\Users\DELL\.m2\repository\net\bytebuddy\byte-buddy-agent\1.14.16\byte-buddy-agent-1.14.16.jar
Launcher Type: SUN_STANDARD

[Global flags]
     intx CICompilerCount                          = 4                                         {product} {ergonomic}
     uint ConcGCThreads                            = 2                                         {product} {ergonomic}
     uint G1ConcRefinementThreads                  = 8                                         {product} {ergonomic}
   size_t G1HeapRegionSize                         = 1048576                                   {product} {ergonomic}
   size_t InitialHeapSize                          = 65011712                                  {product} {ergonomic}
   size_t MarkStackSize                            = 4194304                                   {product} {ergonomic}
   size_t MaxHeapSize                              = 1012924416                                {product} {ergonomic}
   size_t MinHeapDeltaBytes                        = 1048576                                   {product} {ergonomic}
   size_t MinHeapSize                              = 8388608                                   {product} {ergonomic}
    uintx NonNMethodCodeHeapSize                   = 5839372                                {pd product} {ergonomic}
    uintx NonProfiledCodeHeapSize                  = 122909434                              {pd product} {ergonomic}
    uintx ProfiledCodeHeapSize                     = 122909434                              {pd product} {ergonomic}
    uintx ReservedCodeCacheSize                    = 251658240                              {pd product} {ergonomic}
     bool SegmentedCodeCache                       = true                                      {product} {ergonomic}
   size_t SoftMaxHeapSize                          = 1012924416                             {manageable} {ergonomic}
     bool UseCompressedOops                        = true                           {product lp64_product} {ergonomic}
     bool UseG1GC                                  = true                                      {product} {ergonomic}
     bool UseLargePagesIndividualAllocation        = false                                  {pd product} {ergonomic}

Logging:
Log output configuration:
 #0: stdout all=warning uptime,level,tags foldmultilines=false
 #1: stderr all=off uptime,level,tags foldmultilines=false

Environment Variables:
JAVA_HOME=C:\Program Files\Java\jdk-17
PATH=D:\Anaconda\condabin;C:\Program Files\Common Files\Oracle\Java\javapath;C:\Windows\system32;C:\Windows;C:\Windows\System32\Wbem;C:\Windows\System32\WindowsPowerShell\v1.0\;C:\Windows\System32\OpenSSH\;C:\Program Files\NVIDIA Corporation\NVIDIA NvDLISR;C:\WINDOWS\system32;C:\WINDOWS;C:\WINDOWS\System32\Wbem;C:\WINDOWS\System32\WindowsPowerShell\v1.0\;C:\WINDOWS\System32\OpenSSH\;C:\Program Files\dotnet\;C:\Program Files\Git\cmd;C:\apache-maven-3.6.0-bin\apache-maven-3.6.0\bin;C:\Program Files\Java\jdk-20\bin;C:\Program Files (x86)\Microsoft SQL Server\160\Tools\Binn\;C:\Program Files\Microsoft SQL Server\160\Tools\Binn\;C:\Program Files\Microsoft SQL Server\Client SDK\ODBC\170\Tools\Binn\;C:\Program Files\Microsoft SQL Server\160\DTS\Binn\;C:\Program Files (x86)\Microsoft SQL Server\160\DTS\Binn\;C:\Program Files\Azure Data Studio\bin;D:\;C:\Program Files\Cloudflare\Cloudflare WARP\;C:\Program Files\Docker\Docker\resources\bin;D:\python\Scripts\;D:\python\;C:\Users\DELL\AppData\Local\Microsoft\WindowsApps;C:\Users\DELL\Downloads\gradle-6.9.3-bin\gradle-6.9.3\bin;C:\Program Files\Java\jdk-19\bin;C:\Users\DELL\AppData\Local\Programs\Microsoft VS Code\bin;C:\Program Files\Azure Data Studio\bin;C:\Users\DELL\AppData\Local\GitHubDesktop\bin;D:\Anaconda\condabin;C:\Users\DELL\AppData\Roaming\npm;D:\Intellij\IntelliJ IDEA 2024.1.1\bin;;D:\Anaconda\Scripts;
USERNAME=DELL
OS=Windows_NT
PROCESSOR_IDENTIFIER=Intel64 Family 6 Model 126 Stepping 5, GenuineIntel
TMP=C:\Users\DELL\AppData\Local\Temp
TEMP=C:\Users\DELL\AppData\Local\Temp




Periodic native trim disabled

---------------  S Y S T E M  ---------------

OS:
 Windows 10 , 64 bit Build 19041 (10.0.19041.3636)
OS uptime: 4 days 9:44 hours
Hyper-V role detected

CPU: total 8 (initial active 8) (4 cores per cpu, 2 threads per core) family 6 model 126 stepping 5 microcode 0xc2, cx8, cmov, fxsr, ht, mmx, 3dnowpref, sse, sse2, sse3, ssse3, sse4.1, sse4.2, popcnt, lzcnt, tsc, tscinvbit, avx, avx2, aes, erms, clmul, bmi1, bmi2, adx, avx512f, avx512dq, avx512cd, avx512bw, avx512vl, sha, fma, vzeroupper, avx512_vpopcntdq, avx512_vpclmulqdq, avx512_vaes, avx512_vnni, clflush, clflushopt, avx512_vbmi2, avx512_vbmi, hv, rdtscp, rdpid, fsrm, gfni, avx512_bitalg, f16c, avx512_ifma
Processor Information for all 8 processors :
  Max Mhz: 1190, Current Mhz: 991, Mhz Limit: 987

Memory: 4k page, system-wide physical 3863M (36M free)
TotalPageFile size 15638M (AvailPageFile size 61M)
current process WorkingSet (physical memory assigned to process): 11M, peak: 11M
current process commit charge ("private bytes"): 60M, peak: 122M

vm_info: OpenJDK 64-Bit Server VM (22+36-2370) for windows-amd64 JRE (22+36-2370), built on 2024-02-15T22:15:19Z by "mach5one" with MS VC++ 17.6 (VS2022)

END.
